<?xml version="1.0" encoding="UTF-8"?>
<!-- Generated by org.testng.reporters.JUnitReportReporter -->
<testsuite hostname="LAPTOP-65CEBPK8" failures="0" tests="1" name="com.thinknumbers.testcases.ReportRunReportCalculationPageTest" time="31.946" errors="0" timestamp="2022-01-21T17:03:23 IST" skipped="0">
  <testcase classname="com.thinknumbers.testcases.ReportRunReportCalculationPageTest" name="calculateReportTest" time="31.946"/>
  <system-out/>
</testsuite> <!-- com.thinknumbers.testcases.ReportRunReportCalculationPageTest -->
