<?xml version="1.0" encoding="UTF-8"?>
<!-- Generated by org.testng.reporters.JUnitReportReporter -->
<testsuite hostname="LAPTOP-65CEBPK8" failures="0" tests="2" name="com.thinknumbers.testcases.MastersPageTest" time="34.519" errors="0" timestamp="2021-09-27T11:50:27 IST" skipped="0">
  <testcase classname="com.thinknumbers.testcases.MastersPageTest" name="verifyPageTitleTest" time="17.475"/>
  <system-out/>
  <testcase classname="com.thinknumbers.testcases.MastersPageTest" name="verifyMastersMenu" time="17.044"/>
  <system-out/>
</testsuite> <!-- com.thinknumbers.testcases.MastersPageTest -->
