<?xml version="1.0" encoding="UTF-8"?>
<!-- Generated by org.testng.reporters.JUnitReportReporter -->
<testsuite hostname="LAPTOP-65CEBPK8" failures="0" tests="1" name="com.thinknumbers.testcases.LoginPageTest" time="6.015" errors="0" timestamp="2021-09-27T11:50:27 IST" skipped="0">
  <testcase classname="com.thinknumbers.testcases.LoginPageTest" name="loginTest" time="6.015"/>
  <system-out/>
</testsuite> <!-- com.thinknumbers.testcases.LoginPageTest -->
