<?xml version="1.0" encoding="UTF-8"?>
<!-- Generated by org.testng.reporters.JUnitReportReporter -->
<testsuite hostname="LAPTOP-65CEBPK8" failures="0" tests="1" name="com.thinknumbers.testcases.FasMastersFasGroupListPageTest" time="19.470" errors="0" timestamp="2022-01-21T17:59:28 IST" skipped="0">
  <testcase classname="com.thinknumbers.testcases.FasMastersFasGroupListPageTest" name="searchFasGroupTest" time="19.470"/>
  <system-out/>
</testsuite> <!-- com.thinknumbers.testcases.FasMastersFasGroupListPageTest -->
