<?xml version="1.0" encoding="UTF-8"?>
<!-- Generated by org.testng.reporters.JUnitReportReporter -->
<testsuite hostname="LAPTOP-65CEBPK8" failures="0" tests="3" name="com.thinknumbers.testcases.ReportRunALReportCalculationPageTest" time="88.460" errors="0" timestamp="2022-01-21T17:03:23 IST" skipped="0">
  <testcase classname="com.thinknumbers.testcases.ReportRunALReportCalculationPageTest" name="runMonthlyTest" time="30.167"/>
  <system-out/>
  <testcase classname="com.thinknumbers.testcases.ReportRunALReportCalculationPageTest" name="runQuaterlyTest" time="28.879"/>
  <system-out/>
  <testcase classname="com.thinknumbers.testcases.ReportRunALReportCalculationPageTest" name="runDailyTest" time="29.414"/>
  <system-out/>
</testsuite> <!-- com.thinknumbers.testcases.ReportRunALReportCalculationPageTest -->
