<?xml version="1.0" encoding="UTF-8"?>
<!-- Generated by org.testng.reporters.JUnitReportReporter -->
<testsuite hostname="LAPTOP-65CEBPK8" failures="0" tests="1" name="com.thinknumbers.testcases.AccGroupFasGroupListPageTest" time="19.225" errors="0" timestamp="2021-10-31T14:07:23 IST" skipped="0">
  <testcase classname="com.thinknumbers.testcases.AccGroupFasGroupListPageTest" name="searchFasGroupTest" time="19.225"/>
  <system-out/>
</testsuite> <!-- com.thinknumbers.testcases.AccGroupFasGroupListPageTest -->
