<?xml version="1.0" encoding="UTF-8"?>
<!-- Generated by org.testng.reporters.JUnitReportReporter -->
<testsuite hostname="LAPTOP-65CEBPK8" failures="0" tests="3" name="com.thinknumbers.testcases.UploadsDBUploadPageTest" time="29.027" errors="0" timestamp="2022-01-21T18:04:53 IST" skipped="2">
  <testcase classname="com.thinknumbers.testcases.UploadsDBUploadPageTest" name="FreezeWithNoDaybookTest" time="29.027"/>
  <system-out/>
  <testcase classname="com.thinknumbers.testcases.UploadsDBUploadPageTest" name="uploadDaybookWithoutTrialBalanceTest">
    <skipped/>
  </testcase> <!-- uploadDaybookWithoutTrialBalanceTest -->
  <system-out/>
  <testcase classname="com.thinknumbers.testcases.UploadsDBUploadPageTest" name="uploadDaybookCostCentreInMultipleCostCategoryTest">
    <skipped/>
  </testcase> <!-- uploadDaybookCostCentreInMultipleCostCategoryTest -->
  <system-out/>
</testsuite> <!-- com.thinknumbers.testcases.UploadsDBUploadPageTest -->
