<?xml version="1.0" encoding="UTF-8"?>
<!-- Generated by org.testng.reporters.JUnitReportReporter -->
<testsuite hostname="LAPTOP-65CEBPK8" failures="0" tests="1" name="com.thinkpeople.test.ThinkPeopleDemo" time="21.258" errors="0" timestamp="2021-09-09T16:02:15 IST" skipped="0">
  <testcase classname="com.thinkpeople.test.ThinkPeopleDemo" name="budgetTest" time="21.258"/>
  <system-out/>
</testsuite> <!-- com.thinkpeople.test.ThinkPeopleDemo -->
