<?xml version="1.0" encoding="UTF-8"?>
<!-- Generated by org.testng.reporters.JUnitReportReporter -->
<testsuite hostname="LAPTOP-65CEBPK8" failures="0" tests="1" name="com.thinknumbers.util.TestExcelReader" time="0.415" errors="0" timestamp="2021-11-27T21:20:32 IST" skipped="0">
  <testcase classname="com.thinknumbers.util.TestExcelReader" name="testExcel" time="0.415"/>
  <system-out/>
</testsuite> <!-- com.thinknumbers.util.TestExcelReader -->
