<?xml version="1.0" encoding="UTF-8"?>
<!-- Generated by org.testng.reporters.JUnitReportReporter -->
<testsuite hostname="LAPTOP-65CEBPK8" failures="0" tests="2" name="com.thinknumbers.testcases.OMOperatingMetricsGroupPageTest" time="27.006" errors="0" timestamp="2022-01-20T13:24:44 IST" skipped="0">
  <testcase classname="com.thinknumbers.testcases.OMOperatingMetricsGroupPageTest" name="duplicateOMGroupTest" time="13.737"/>
  <system-out/>
  <testcase classname="com.thinknumbers.testcases.OMOperatingMetricsGroupPageTest" name="duplicateOMGroupTest" time="13.269"/>
  <system-out/>
</testsuite> <!-- com.thinknumbers.testcases.OMOperatingMetricsGroupPageTest -->
