<?xml version="1.0" encoding="UTF-8"?>
<!-- Generated by org.testng.reporters.JUnitReportReporter -->
<testsuite hostname="LAPTOP-65CEBPK8" failures="0" tests="3" name="com.thinknumbers.testcases.UploadsTrialComputationPageTest" time="109.519" errors="0" timestamp="2022-01-21T17:03:23 IST" skipped="0">
  <testcase classname="com.thinknumbers.testcases.UploadsTrialComputationPageTest" name="viewTrialBalanceStatusTest" time="26.496"/>
  <system-out/>
  <testcase classname="com.thinknumbers.testcases.UploadsTrialComputationPageTest" name="viewDaybookUploadStatusTest" time="26.145"/>
  <system-out/>
  <testcase classname="com.thinknumbers.testcases.UploadsTrialComputationPageTest" name="runClosingTrialBalanceTest" time="56.878"/>
  <system-out/>
</testsuite> <!-- com.thinknumbers.testcases.UploadsTrialComputationPageTest -->
