<?xml version="1.0" encoding="UTF-8"?>
<!-- Generated by org.testng.reporters.JUnitReportReporter -->
<testsuite hostname="LAPTOP-65CEBPK8" failures="0" tests="2" name="com.thinknumbers.testcases.OMLedgerTypePageTest" time="18.629" errors="0" timestamp="2022-01-21T18:02:38 IST" skipped="1">
  <testcase classname="com.thinknumbers.testcases.OMLedgerTypePageTest" name="duplicateLedgerTypeTest" time="18.629"/>
  <system-out/>
  <testcase classname="com.thinknumbers.testcases.OMLedgerTypePageTest" name="addLedgerTypeTest">
    <skipped/>
  </testcase> <!-- addLedgerTypeTest -->
  <system-out/>
</testsuite> <!-- com.thinknumbers.testcases.OMLedgerTypePageTest -->
