<?xml version="1.0" encoding="UTF-8"?>
<!-- Generated by org.testng.reporters.JUnitReportReporter -->
<testsuite hostname="LAPTOP-65CEBPK8" failures="0" tests="1" name="com.thinknumbers.testcases.FasTBListPageTest" time="37.452" errors="0" timestamp="2021-12-01T11:55:50 IST" skipped="0">
  <testcase classname="com.thinknumbers.testcases.FasTBListPageTest" name="searchFasTB" time="37.452"/>
  <system-out/>
</testsuite> <!-- com.thinknumbers.testcases.FasTBListPageTest -->
