<?xml version="1.0" encoding="UTF-8"?>
<!-- Generated by org.testng.reporters.JUnitReportReporter -->
<testsuite hostname="LAPTOP-65CEBPK8" failures="0" tests="2" name="com.thinknumbers.testcases.DayBookListPageTest" time="53.672" errors="0" timestamp="2021-10-31T14:07:23 IST" skipped="0">
  <testcase classname="com.thinknumbers.testcases.DayBookListPageTest" name="searchResultsDaybookListTest" time="27.634"/>
  <system-out/>
  <testcase classname="com.thinknumbers.testcases.DayBookListPageTest" name="searchDaybookTest" time="26.038"/>
  <system-out/>
</testsuite> <!-- com.thinknumbers.testcases.DayBookListPageTest -->
