<?xml version="1.0" encoding="UTF-8"?>
<!-- Generated by org.testng.reporters.JUnitReportReporter -->
<testsuite hostname="LAPTOP-65CEBPK8" failures="0" tests="3" name="com.thinknumbers.testcases.ThinkiamHomePageTest" time="27.453" errors="0" timestamp="2021-09-27T11:50:27 IST" skipped="0">
  <testcase classname="com.thinknumbers.testcases.ThinkiamHomePageTest" name="verifyHomeTitleTest" time="8.137"/>
  <system-out/>
  <testcase classname="com.thinknumbers.testcases.ThinkiamHomePageTest" name="verifyThinkiamLogoutTest" time="10.393"/>
  <system-out/>
  <testcase classname="com.thinknumbers.testcases.ThinkiamHomePageTest" name="goToDashboardTest" time="8.923"/>
  <system-out/>
</testsuite> <!-- com.thinknumbers.testcases.ThinkiamHomePageTest -->
