<?xml version="1.0" encoding="UTF-8"?>
<!-- Generated by org.testng.reporters.JUnitReportReporter -->
<testsuite hostname="LAPTOP-65CEBPK8" failures="0" tests="3" name="com.thinknumbers.testcases.TrialBalanceListPageTest" time="75.797" errors="0" timestamp="2021-10-31T14:07:23 IST" skipped="0">
  <testcase classname="com.thinknumbers.testcases.TrialBalanceListPageTest" name="searchTrialBalanceTest" time="26.237"/>
  <system-out/>
  <testcase classname="com.thinknumbers.testcases.TrialBalanceListPageTest" name="searchNoTrialBalanceTest" time="24.693"/>
  <system-out/>
  <testcase classname="com.thinknumbers.testcases.TrialBalanceListPageTest" name="validateClosingTrialBalanceTest" time="24.867"/>
  <system-out/>
</testsuite> <!-- com.thinknumbers.testcases.TrialBalanceListPageTest -->
