<?xml version="1.0" encoding="UTF-8"?>
<!-- Generated by org.testng.reporters.JUnitReportReporter -->
<testsuite hostname="LAPTOP-65CEBPK8" failures="0" tests="5" name="com.thinknumbers.testcases.ReportDesignReportTemplatePageTest" time="110.523" errors="0" timestamp="2022-01-21T17:03:23 IST" skipped="0">
  <testcase classname="com.thinknumbers.testcases.ReportDesignReportTemplatePageTest" name="addReportTemplateTest" time="24.496"/>
  <system-out/>
  <testcase classname="com.thinknumbers.testcases.ReportDesignReportTemplatePageTest" name="addReportTemplateTest" time="23.429"/>
  <system-out/>
  <testcase classname="com.thinknumbers.testcases.ReportDesignReportTemplatePageTest" name="duplicateReportTemplateTest" time="22.888"/>
  <system-out/>
  <testcase classname="com.thinknumbers.testcases.ReportDesignReportTemplatePageTest" name="duplicateReportTemplateTest" time="24.293"/>
  <system-out/>
  <testcase classname="com.thinknumbers.testcases.ReportDesignReportTemplatePageTest" name="updateReportTemplateTest" time="15.417"/>
  <system-out/>
</testsuite> <!-- com.thinknumbers.testcases.ReportDesignReportTemplatePageTest -->
