<?xml version="1.0" encoding="UTF-8"?>
<!-- Generated by org.testng.reporters.JUnitReportReporter -->
<testsuite hostname="LAPTOP-65CEBPK8" failures="0" tests="2" name="com.thinknumbers.testcases.MastersPageTest" time="35.585" errors="0" timestamp="2021-10-31T14:07:23 IST" skipped="0">
  <testcase classname="com.thinknumbers.testcases.MastersPageTest" name="verifyPageTitleTest" time="17.828"/>
  <system-out/>
  <testcase classname="com.thinknumbers.testcases.MastersPageTest" name="verifyMastersMenuTest" time="17.757"/>
  <system-out/>
</testsuite> <!-- com.thinknumbers.testcases.MastersPageTest -->
