<?xml version="1.0" encoding="UTF-8"?>
<!-- Generated by org.testng.reporters.JUnitReportReporter -->
<testsuite hostname="LAPTOP-65CEBPK8" failures="0" tests="2" name="com.thinknumbers.testcases.UploadListFasTBListPageTest" time="47.109" errors="0" timestamp="2022-01-21T17:03:23 IST" skipped="0">
  <testcase classname="com.thinknumbers.testcases.UploadListFasTBListPageTest" name="searchFasTBTest" time="23.246"/>
  <system-out/>
  <testcase classname="com.thinknumbers.testcases.UploadListFasTBListPageTest" name="noFasTBDataTest" time="23.863"/>
  <system-out/>
</testsuite> <!-- com.thinknumbers.testcases.UploadListFasTBListPageTest -->
