<?xml version="1.0" encoding="UTF-8"?>
<!-- Generated by org.testng.reporters.JUnitReportReporter -->
<testsuite hostname="LAPTOP-65CEBPK8" failures="0" tests="1" name="com.thinknumbers.testcases.CompanyEntityDetailsPageTest" time="19.016" errors="0" timestamp="2022-01-18T21:28:58 IST" skipped="0">
  <testcase classname="com.thinknumbers.testcases.CompanyEntityDetailsPageTest" name="viewEntityDataTest" time="19.016"/>
  <system-out/>
</testsuite> <!-- com.thinknumbers.testcases.CompanyEntityDetailsPageTest -->
