<?xml version="1.0" encoding="UTF-8"?>
<!-- Generated by org.testng.reporters.JUnitReportReporter -->
<testsuite hostname="LAPTOP-65CEBPK8" failures="0" tests="2" name="com.thinknumbers.testcases.OMOperatingMetricsPageTest" time="66.228" errors="0" timestamp="2022-01-19T22:02:56 IST" skipped="0">
  <testcase classname="com.thinknumbers.testcases.OMOperatingMetricsPageTest" name="duplicateOperatingMetricsTest" time="32.523"/>
  <system-out/>
  <testcase classname="com.thinknumbers.testcases.OMOperatingMetricsPageTest" name="duplicateOperatingMetricsTest" time="33.705"/>
  <system-out/>
</testsuite> <!-- com.thinknumbers.testcases.OMOperatingMetricsPageTest -->
