<?xml version="1.0" encoding="UTF-8"?>
<!-- Generated by org.testng.reporters.JUnitReportReporter -->
<testsuite hostname="LAPTOP-65CEBPK8" failures="0" tests="3" name="com.thinknumbers.testcases.ReportRunPublishReportPageTest" time="82.477" errors="0" timestamp="2022-01-21T17:03:23 IST" skipped="0">
  <testcase classname="com.thinknumbers.testcases.ReportRunPublishReportPageTest" name="publishReportTest" time="31.677"/>
  <system-out/>
  <testcase classname="com.thinknumbers.testcases.ReportRunPublishReportPageTest" name="duplicatePublishReportTest" time="29.425"/>
  <system-out/>
  <testcase classname="com.thinknumbers.testcases.ReportRunPublishReportPageTest" name="updatePublishReportTest" time="21.375"/>
  <system-out/>
</testsuite> <!-- com.thinknumbers.testcases.ReportRunPublishReportPageTest -->
