<?xml version="1.0" encoding="UTF-8"?>
<!-- Generated by org.testng.reporters.JUnitReportReporter -->
<testsuite hostname="LAPTOP-65CEBPK8" failures="0" tests="3" name="com.thinknumbers.testcases.UploadListDBListPageTest" time="78.886" errors="0" timestamp="2022-01-21T17:03:23 IST" skipped="0">
  <testcase classname="com.thinknumbers.testcases.UploadListDBListPageTest" name="searchResultsDaybookListTest" time="27.360"/>
  <system-out/>
  <testcase classname="com.thinknumbers.testcases.UploadListDBListPageTest" name="searchDaybookTest" time="27.764"/>
  <system-out/>
  <testcase classname="com.thinknumbers.testcases.UploadListDBListPageTest" name="daybookNoDataTest" time="23.762"/>
  <system-out/>
</testsuite> <!-- com.thinknumbers.testcases.UploadListDBListPageTest -->
