<?xml version="1.0" encoding="UTF-8"?>
<!-- Generated by org.testng.reporters.JUnitReportReporter -->
<testsuite hostname="LAPTOP-65CEBPK8" failures="0" tests="3" name="com.thinknumbers.testcases.HomePageTest" time="58.938" errors="0" timestamp="2021-09-27T11:50:27 IST" skipped="0">
  <testcase classname="com.thinknumbers.testcases.HomePageTest" name="verifyHomePageIconsTest" time="17.376"/>
  <system-out/>
  <testcase classname="com.thinknumbers.testcases.HomePageTest" name="selectDashboard" time="22.807"/>
  <system-out/>
  <testcase classname="com.thinknumbers.testcases.HomePageTest" name="goToMastersTest" time="18.755"/>
  <system-out/>
</testsuite> <!-- com.thinknumbers.testcases.HomePageTest -->
