<?xml version="1.0" encoding="UTF-8"?>
<!-- Generated by org.testng.reporters.JUnitReportReporter -->
<testsuite hostname="LAPTOP-65CEBPK8" failures="0" tests="1" name="com.thinknumbers.testcases.ReportRunDBRLMapPageTest" time="31.156" errors="0" timestamp="2022-01-21T17:03:23 IST" skipped="0">
  <testcase classname="com.thinknumbers.testcases.ReportRunDBRLMapPageTest" name="daybookRLMapTest" time="31.156"/>
  <system-out/>
</testsuite> <!-- com.thinknumbers.testcases.ReportRunDBRLMapPageTest -->
