<?xml version="1.0" encoding="UTF-8"?>
<!-- Generated by org.testng.reporters.JUnitReportReporter -->
<testsuite hostname="LAPTOP-65CEBPK8" failures="0" tests="5" name="com.thinknumbers.testcases.DashboardDesignChartsPageTest" time="133.052" errors="0" timestamp="2022-01-21T17:03:23 IST" skipped="0">
  <testcase classname="com.thinknumbers.testcases.DashboardDesignChartsPageTest" name="addChartsTest" time="28.476"/>
  <system-out/>
  <testcase classname="com.thinknumbers.testcases.DashboardDesignChartsPageTest" name="addChartsTest" time="28.415"/>
  <system-out/>
  <testcase classname="com.thinknumbers.testcases.DashboardDesignChartsPageTest" name="duplicateChartsTest" time="30.425"/>
  <system-out/>
  <testcase classname="com.thinknumbers.testcases.DashboardDesignChartsPageTest" name="duplicateChartsTest" time="28.961"/>
  <system-out/>
  <testcase classname="com.thinknumbers.testcases.DashboardDesignChartsPageTest" name="editChartsTest" time="16.775"/>
  <system-out/>
</testsuite> <!-- com.thinknumbers.testcases.DashboardDesignChartsPageTest -->
