<?xml version="1.0" encoding="UTF-8"?>
<!-- Generated by org.testng.reporters.JUnitReportReporter -->
<testsuite hostname="LAPTOP-65CEBPK8" failures="0" tests="1" name="com.thinknumbers.testcases.UploadsFasTBValidatePageTest" time="24.093" errors="0" timestamp="2022-01-21T17:03:23 IST" skipped="0">
  <testcase classname="com.thinknumbers.testcases.UploadsFasTBValidatePageTest" name="validateVarianceTest" time="24.093"/>
  <system-out/>
</testsuite> <!-- com.thinknumbers.testcases.UploadsFasTBValidatePageTest -->
