<?xml version="1.0" encoding="UTF-8"?>
<!-- Generated by org.testng.reporters.JUnitReportReporter -->
<testsuite hostname="LAPTOP-65CEBPK8" failures="0" tests="2" name="com.thinknumbers.testcases.HomePageTest" time="45.089" errors="0" timestamp="2022-01-21T17:03:23 IST" skipped="0">
  <testcase classname="com.thinknumbers.testcases.HomePageTest" name="verifyHomePageIconsTest" time="18.614"/>
  <system-out/>
  <testcase classname="com.thinknumbers.testcases.HomePageTest" name="selectDashboardTest" time="26.475"/>
  <system-out/>
</testsuite> <!-- com.thinknumbers.testcases.HomePageTest -->
