<?xml version="1.0" encoding="UTF-8"?>
<!-- Generated by org.testng.reporters.JUnitReportReporter -->
<testsuite hostname="LAPTOP-65CEBPK8" failures="0" tests="3" name="com.thinknumbers.testcases.ThinkiamHomePageTest" time="17.591" errors="0" timestamp="2022-01-21T17:03:23 IST" skipped="1">
  <testcase classname="com.thinknumbers.testcases.ThinkiamHomePageTest" name="verifyHomeTitleTest" time="9.242"/>
  <system-out/>
  <testcase classname="com.thinknumbers.testcases.ThinkiamHomePageTest" name="goToDashboardTest" time="8.349"/>
  <system-out/>
  <testcase classname="com.thinknumbers.testcases.ThinkiamHomePageTest" name="verifyThinkiamLogoutTest">
    <skipped/>
  </testcase> <!-- verifyThinkiamLogoutTest -->
  <system-out/>
</testsuite> <!-- com.thinknumbers.testcases.ThinkiamHomePageTest -->
