<?xml version="1.0" encoding="UTF-8"?>
<!-- Generated by org.testng.reporters.JUnitReportReporter -->
<testsuite hostname="LAPTOP-65CEBPK8" failures="0" tests="2" name="com.thinknumbers.testcases.CompanyExchangeRatePageTest" time="48.403" errors="0" timestamp="2022-01-21T17:03:23 IST" skipped="0">
  <testcase classname="com.thinknumbers.testcases.CompanyExchangeRatePageTest" name="addExchangeRateTest" time="24.189"/>
  <system-out/>
  <testcase classname="com.thinknumbers.testcases.CompanyExchangeRatePageTest" name="duplicateExchangeRateTest" time="24.214"/>
  <system-out/>
</testsuite> <!-- com.thinknumbers.testcases.CompanyExchangeRatePageTest -->
