<?xml version="1.0" encoding="UTF-8"?>
<!-- Generated by org.testng.reporters.JUnitReportReporter -->
<testsuite hostname="LAPTOP-65CEBPK8" failures="0" tests="1" name="com.thinknumbers.smoketesting.TestHRMS" time="64.610" errors="0" timestamp="2021-11-15T17:08:53 IST" skipped="0">
  <testcase classname="com.thinknumbers.smoketesting.TestHRMS" name="checkHRMS" time="64.610"/>
  <system-out/>
</testsuite> <!-- com.thinknumbers.smoketesting.TestHRMS -->
