<?xml version="1.0" encoding="UTF-8"?>
<!-- Generated by org.testng.reporters.JUnitReportReporter -->
<testsuite hostname="LAPTOP-65CEBPK8" failures="0" tests="2" name="com.thinknumbers.testcases.RLAddPageTest" time="46.918" errors="0" timestamp="2021-12-01T20:30:37 IST" skipped="0">
  <testcase classname="com.thinknumbers.testcases.RLAddPageTest" name="addRLTest" time="23.189"/>
  <system-out/>
  <testcase classname="com.thinknumbers.testcases.RLAddPageTest" name="addRLTest" time="23.729"/>
  <system-out/>
</testsuite> <!-- com.thinknumbers.testcases.RLAddPageTest -->
