<?xml version="1.0" encoding="UTF-8"?>
<!-- Generated by org.testng.reporters.JUnitReportReporter -->
<testsuite hostname="LAPTOP-65CEBPK8" failures="0" tests="1" name="com.thinknumbers.testcases.CompanyCurrencyPageTest" time="20.124" errors="0" timestamp="2022-01-12T18:06:11 IST" skipped="0">
  <testcase classname="com.thinknumbers.testcases.CompanyCurrencyPageTest" name="editCurrencyTest" time="20.124"/>
  <system-out/>
</testsuite> <!-- com.thinknumbers.testcases.CompanyCurrencyPageTest -->
