<?xml version="1.0" encoding="UTF-8"?>
<!-- Generated by org.testng.reporters.JUnitReportReporter -->
<testsuite hostname="LAPTOP-65CEBPK8" failures="0" tests="2" name="com.thinknumbers.testcases.UploadListUnfreezeListPageTest" time="52.392" errors="0" timestamp="2022-01-21T17:03:23 IST" skipped="0">
  <testcase classname="com.thinknumbers.testcases.UploadListUnfreezeListPageTest" name="unfreezeDaybookTest" time="25.529"/>
  <system-out/>
  <testcase classname="com.thinknumbers.testcases.UploadListUnfreezeListPageTest" name="alreadyUnfreezedDaybookTest" time="26.863"/>
  <system-out/>
</testsuite> <!-- com.thinknumbers.testcases.UploadListUnfreezeListPageTest -->
