<?xml version="1.0" encoding="UTF-8"?>
<!-- Generated by org.testng.reporters.JUnitReportReporter -->
<testsuite hostname="LAPTOP-65CEBPK8" failures="0" tests="1" name="com.thinknumbers.testcases.DayBookUnfreezeListPageTest" time="25.518" errors="0" timestamp="2021-10-31T14:07:23 IST" skipped="0">
  <testcase classname="com.thinknumbers.testcases.DayBookUnfreezeListPageTest" name="unfreezeDaybookTest" time="25.518"/>
  <system-out/>
</testsuite> <!-- com.thinknumbers.testcases.DayBookUnfreezeListPageTest -->
