<?xml version="1.0" encoding="UTF-8"?>
<!-- Generated by org.testng.reporters.JUnitReportReporter -->
<testsuite hostname="LAPTOP-65CEBPK8" failures="0" tests="5" name="com.thinknumbers.testcases.DashboardDesignKeyNumbersPageTest" time="114.102" errors="0" timestamp="2022-01-21T17:03:23 IST" skipped="0">
  <testcase classname="com.thinknumbers.testcases.DashboardDesignKeyNumbersPageTest" name="addKeyNumberTest" time="23.258"/>
  <system-out/>
  <testcase classname="com.thinknumbers.testcases.DashboardDesignKeyNumbersPageTest" name="addKeyNumberTest" time="24.901"/>
  <system-out/>
  <testcase classname="com.thinknumbers.testcases.DashboardDesignKeyNumbersPageTest" name="duplicateKeyNumberTest" time="24.205"/>
  <system-out/>
  <testcase classname="com.thinknumbers.testcases.DashboardDesignKeyNumbersPageTest" name="duplicateKeyNumberTest" time="24.257"/>
  <system-out/>
  <testcase classname="com.thinknumbers.testcases.DashboardDesignKeyNumbersPageTest" name="editKeyNumbersTest" time="17.481"/>
  <system-out/>
</testsuite> <!-- com.thinknumbers.testcases.DashboardDesignKeyNumbersPageTest -->
