<?xml version="1.0" encoding="UTF-8"?>
<!-- Generated by org.testng.reporters.JUnitReportReporter -->
<testsuite hostname="LAPTOP-65CEBPK8" failures="0" tests="3" name="com.thinknumbers.testcases.MasterPageTest" time="77.940" errors="0" timestamp="2022-01-21T17:03:23 IST" skipped="0">
  <testcase classname="com.thinknumbers.testcases.MasterPageTest" name="verifyPageTitleTest" time="17.585"/>
  <system-out/>
  <testcase classname="com.thinknumbers.testcases.MasterPageTest" name="verifyMastersMenuTest" time="18.513"/>
  <system-out/>
  <testcase classname="com.thinknumbers.testcases.MasterPageTest" name="verifyMastersPages" time="41.842"/>
  <system-out/>
</testsuite> <!-- com.thinknumbers.testcases.MasterPageTest -->
