<?xml version="1.0" encoding="UTF-8"?>
<!-- Generated by org.testng.reporters.JUnitReportReporter -->
<testsuite hostname="LAPTOP-65CEBPK8" failures="0" tests="3" name="com.thinknumbers.testcases.UploadListTBListPageTest" time="71.507" errors="0" timestamp="2022-01-21T17:03:23 IST" skipped="0">
  <testcase classname="com.thinknumbers.testcases.UploadListTBListPageTest" name="validateOpeningTrialBalanceTest" time="24.712"/>
  <system-out/>
  <testcase classname="com.thinknumbers.testcases.UploadListTBListPageTest" name="searchNoTrialBalanceTest" time="22.954"/>
  <system-out/>
  <testcase classname="com.thinknumbers.testcases.UploadListTBListPageTest" name="validateClosingTrialBalanceTest" time="23.841"/>
  <system-out/>
</testsuite> <!-- com.thinknumbers.testcases.UploadListTBListPageTest -->
