<?xml version="1.0" encoding="UTF-8"?>
<!-- Generated by org.testng.reporters.JUnitReportReporter -->
<testsuite hostname="LAPTOP-65CEBPK8" failures="0" tests="1" name="com.thinknumbers.testcases.UploadsBudgetDataPageTest" time="18.531" errors="0" timestamp="2022-01-21T17:03:23 IST" skipped="0">
  <testcase classname="com.thinknumbers.testcases.UploadsBudgetDataPageTest" name="uploadBudgetDataTest" time="18.531"/>
  <system-out/>
</testsuite> <!-- com.thinknumbers.testcases.UploadsBudgetDataPageTest -->
